Arguments: 
  /Users/eliaslebid/.nvm/versions/node/v10.4.1/bin/node /usr/local/Cellar/yarn/1.12.3/libexec/bin/yarn.js add sha1 mp5 --dev

PATH: 
  /Users/eliaslebid/.nvm/versions/node/v10.4.1/bin:/Library/Frameworks/Python.framework/Versions/3.7/bin:/usr/local/bin:/usr/local/sbin:/usr/bin:/bin:/usr/sbin:/sbin:/go/bin:/usr/local/go/bin

Yarn version: 
  1.12.3

Node version: 
  10.4.1

Platform: 
  darwin x64

Trace: 
  Error: https://registry.yarnpkg.com/mp5: Not found
      at Request.params.callback [as _callback] (/usr/local/Cellar/yarn/1.12.3/libexec/lib/cli.js:65894:18)
      at Request.self.callback (/usr/local/Cellar/yarn/1.12.3/libexec/lib/cli.js:129018:22)
      at Request.emit (events.js:182:13)
      at Request.<anonymous> (/usr/local/Cellar/yarn/1.12.3/libexec/lib/cli.js:129990:10)
      at Request.emit (events.js:182:13)
      at IncomingMessage.<anonymous> (/usr/local/Cellar/yarn/1.12.3/libexec/lib/cli.js:129912:12)
      at Object.onceWrapper (events.js:273:13)
      at IncomingMessage.emit (events.js:187:15)
      at endReadableNT (_stream_readable.js:1081:12)
      at process._tickCallback (internal/process/next_tick.js:63:19)

npm manifest: 
  {
    "dependencies": {
      "@types/google-apps-script": "^0.0.37"
    }
  }

yarn manifest: 
  No manifest

Lockfile: 
  # THIS IS AN AUTOGENERATED FILE. DO NOT EDIT THIS FILE DIRECTLY.
  # yarn lockfile v1
  
  
  "@types/google-apps-script@^0.0.37":
    version "0.0.37"
    resolved "https://registry.yarnpkg.com/@types/google-apps-script/-/google-apps-script-0.0.37.tgz#8e070b6e3784960e931c714196df6a1de9f7fe5e"
    integrity sha512-ByTBI0m6D9vgv9pkhaUwx61OqLbPNfFm+/sI1eMpWxFzq7LkfII2q2GpS9Pu6Ig1fg1lKFVvbJweC0Si9kuYtw==
